<?xml version="1.0" encoding="UTF-8"?>
<testsuite xmlns:xsi="http://www.w3.org/2001/XMLSchema-instance" xsi:noNamespaceSchemaLocation="https://maven.apache.org/surefire/maven-surefire-plugin/xsd/surefire-test-report-3.0.xsd" version="3.0" name="hellocucumber.RunCucumberTest" time="28.512" tests="2" errors="0" skipped="0" failures="0">
  <properties>
[...]
</properties>
  <testcase name="Example #1.1" classname="Examples" time="13.091">
    <system-out><![CDATA[
Scenario Outline: sample goto Google.com                   &amp#27;[90m# hellocucumber/Demo_Test_Google_by Cucumber.feature:13&amp#27;[0m
  &amp#27;[32mGiven &amp#27;[0m&amp#27;[32mGet browser &amp#27;[0m&amp#27;[32m&amp#27;[1m"chrome"&amp#27;[0m&amp#27;[32m with &amp#27;[0m&amp#27;[32m&amp#27;[1m"https://www.google.com"&amp#27;[0m &amp#27;[90m# hellocucumber.StepDefinitions.getBrowser(java.lang.String,java.lang.String)&amp#27;[0m
  &amp#27;[32mWhen &amp#27;[0m&amp#27;[32mInput keyword: &amp#27;[0m&amp#27;[32m&amp#27;[1m"123"&amp#27;[0m                                &amp#27;[90m# hellocucumber.StepDefinitions.inputKeyword(java.lang.String)&amp#27;[0m
  &amp#27;[32mAnd &amp#27;[0m&amp#27;[32mThen click on search button&amp#27;[0m                          &amp#27;[90m# hellocucumber.StepDefinitions.searchKeywork()&amp#27;[0m
 -------------------------- PASSED -------------------------- 
  &amp#27;[32mThen &amp#27;[0m&amp#27;[32mVerify search result: &amp#27;[0m&amp#27;[32m&amp#27;[1m"123"&amp#27;[0m&amp#27;[32m display&amp#27;[0m                 &amp#27;[90m# hellocucumber.StepDefinitions.checkResult(java.lang.String)&amp#27;[0m
  &amp#27;[32mAnd &amp#27;[0m&amp#27;[32mClose test case&amp#27;[0m                                      &amp#27;[90m# hellocucumber.StepDefinitions.afterTest()&amp#27;[0m
]]></system-out>
    <system-err><![CDATA[SLF4J: Failed to load class "org.slf4j.impl.StaticLoggerBinder".
SLF4J: Defaulting to no-operation (NOP) logger implementation
SLF4J: See http://www.slf4j.org/codes.html#StaticLoggerBinder for further details.
Starting ChromeDriver 113.0.5672.63 (0e1a4471d5ae5bf128b1bd8f4d627c8cbd55f70c-refs/branch-heads/5672@{#912}) on port 65058
Only local connections are allowed.
Please see https://chromedriver.chromium.org/security-considerations for suggestions on keeping ChromeDriver safe.
ChromeDriver was started successfully.
May 15, 2023 5:23:29 PM org.openqa.selenium.remote.ProtocolHandshake createSession
INFO: Detected dialect: W3C
]]></system-err>
  </testcase>
  <testcase name="Example #1.2" classname="Examples" time="15.315">
    <system-out><![CDATA[
Scenario Outline: sample goto Google.com                 &amp#27;[90m# hellocucumber/Demo_Test_Google_by Cucumber.feature:14&amp#27;[0m
  &amp#27;[32mGiven &amp#27;[0m&amp#27;[32mGet browser &amp#27;[0m&amp#27;[32m&amp#27;[1m"edge"&amp#27;[0m&amp#27;[32m with &amp#27;[0m&amp#27;[32m&amp#27;[1m"https://www.google.com"&amp#27;[0m &amp#27;[90m# hellocucumber.StepDefinitions.getBrowser(java.lang.String,java.lang.String)&amp#27;[0m
  &amp#27;[32mWhen &amp#27;[0m&amp#27;[32mInput keyword: &amp#27;[0m&amp#27;[32m&amp#27;[1m"321"&amp#27;[0m                              &amp#27;[90m# hellocucumber.StepDefinitions.inputKeyword(java.lang.String)&amp#27;[0m
  &amp#27;[32mAnd &amp#27;[0m&amp#27;[32mThen click on search button&amp#27;[0m                        &amp#27;[90m# hellocucumber.StepDefinitions.searchKeywork()&amp#27;[0m
 -------------------------- PASSED -------------------------- 
  &amp#27;[32mThen &amp#27;[0m&amp#27;[32mVerify search result: &amp#27;[0m&amp#27;[32m&amp#27;[1m"321"&amp#27;[0m&amp#27;[32m display&amp#27;[0m               &amp#27;[90m# hellocucumber.StepDefinitions.checkResult(java.lang.String)&amp#27;[0m
  &amp#27;[32mAnd &amp#27;[0m&amp#27;[32mClose test case&amp#27;[0m                                    &amp#27;[90m# hellocucumber.StepDefinitions.afterTest()&amp#27;[0m
]]></system-out>
    <system-err><![CDATA[Starting Microsoft Edge WebDriver 113.0.1774.42 (881f341807652d12d315d777648a97d88e1ff425) on port 6119
To submit feedback, report a bug, or suggest new features, please visit https://github.com/MicrosoftEdge/EdgeWebDriver

Only local connections are allowed.
Please see https://aka.ms/WebDriverSecurity for suggestions on keeping Microsoft Edge WebDriver safe.

Microsoft Edge WebDriver was started successfully.
May 15, 2023 5:23:42 PM org.openqa.selenium.remote.ProtocolHandshake createSession
INFO: Detected dialect: W3C
]]></system-err>
  </testcase>
</testsuite>